2025-12-05T23:22:45.183Z GET /
2025-12-05T23:28:36.911Z GET /productos
2025-12-05T23:28:41.443Z GET /
2025-12-05T23:28:43.924Z GET /
2025-12-05T23:29:02.348Z GET /
2025-12-05T23:29:07.139Z GET /
2025-12-05T23:34:44.580Z GET /
2025-12-05T23:36:50.199Z GET /
2025-12-05T23:36:50.787Z GET /
2025-12-05T23:36:55.213Z GET /
2025-12-05T23:38:00.670Z GET /
2025-12-05T23:38:01.155Z GET /
2025-12-05T23:38:04.451Z GET /
2025-12-05T23:38:34.651Z GET /
2025-12-05T23:41:06.935Z GET /
2025-12-05T23:41:14.363Z GET /
2025-12-05T23:41:18.442Z GET /
2025-12-05T23:41:30.231Z GET /
2025-12-05T23:41:33.906Z GET /
2025-12-05T23:41:38.933Z GET /productos
2025-12-05T23:41:45.614Z GET /productos/1
2025-12-05T23:41:50.345Z GET /
2025-12-05T23:41:56.430Z GET /acerca
2025-12-05T23:43:13.721Z GET /
2025-12-05T23:43:42.297Z GET /
2025-12-05T23:43:54.497Z GET /
2025-12-05T23:46:41.295Z GET /acerca
2025-12-05T23:47:15.806Z GET /productos
2025-12-05T23:47:16.967Z GET /
2025-12-05T23:47:17.999Z GET /productos
2025-12-05T23:47:18.639Z GET /productos
2025-12-05T23:47:19.568Z GET /acerca
2025-12-05T23:48:42.949Z GET /acerca
2025-12-05T23:48:50.638Z GET /
2025-12-05T23:48:51.326Z GET /productos
2025-12-05T23:48:54.374Z GET /
2025-12-05T23:48:55.583Z GET /productos
2025-12-05T23:49:03.846Z GET /
2025-12-05T23:49:04.871Z GET /productos
2025-12-05T23:49:05.895Z GET /acerca
2025-12-05T23:49:19.077Z GET /acerca
2025-12-05T23:49:46.083Z GET /acerca
2025-12-05T23:49:47.172Z GET /productos
2025-12-05T23:49:48.085Z GET /acerca
2025-12-05T23:50:08.880Z GET /productos
2025-12-05T23:50:09.718Z GET /acerca
2025-12-05T23:50:44.648Z GET /acerca
2025-12-05T23:50:46.188Z GET /productos
2025-12-05T23:50:46.974Z GET /acerca
2025-12-05T23:53:25.470Z GET /acerca
2025-12-05T23:53:25.915Z GET /productos
2025-12-05T23:53:26.611Z GET /productos
2025-12-05T23:53:28.308Z GET /acerca
2025-12-05T23:53:28.859Z GET /productos
2025-12-05T23:53:55.403Z GET /productos
2025-12-05T23:53:56.163Z GET /productos
2025-12-05T23:53:56.682Z GET /productos
2025-12-05T23:53:57.730Z GET /productos
2025-12-05T23:53:59.164Z GET /productos
2025-12-05T23:53:59.979Z GET /
2025-12-05T23:55:23.162Z GET /productos
2025-12-05T23:55:24.274Z GET /acerca
2025-12-05T23:55:24.969Z GET /productos
2025-12-05T23:55:25.489Z GET /
2025-12-05T23:55:26.601Z GET /acerca
2025-12-05T23:55:46.931Z GET /productos
2025-12-05T23:55:47.650Z GET /productos
2025-12-05T23:57:19.600Z GET /productos
2025-12-05T23:57:20.417Z GET /productos
2025-12-05T23:57:20.992Z GET /productos
2025-12-05T23:58:37.634Z GET /productos
2025-12-05T23:58:38.296Z GET /productos
2025-12-05T23:58:39.191Z GET /acerca
2025-12-05T23:58:39.984Z GET /productos
2025-12-05T23:59:16.191Z GET /productos
2025-12-05T23:59:16.759Z GET /productos
2025-12-05T23:59:17.239Z GET /acerca
2025-12-05T23:59:49.582Z GET /acerca
2025-12-05T23:59:50.190Z GET /productos
2025-12-05T23:59:50.702Z GET /productos
2025-12-05T23:59:51.719Z GET /
2025-12-05T23:59:52.191Z GET /
2025-12-05T23:59:55.407Z GET /productos
2025-12-05T23:59:56.294Z GET /acerca
2025-12-06T00:00:34.335Z GET /productos
2025-12-06T00:00:42.564Z GET /productos
2025-12-06T00:00:48.318Z GET /acerca
2025-12-06T00:00:48.934Z GET /productos
2025-12-06T00:00:49.326Z GET /
2025-12-06T00:01:33.086Z GET /logout
2025-12-06T00:01:33.091Z GET /
2025-12-06T00:01:34.127Z GET /logout
2025-12-06T00:01:34.131Z GET /
2025-12-06T00:01:34.655Z GET /logout
2025-12-06T00:01:34.659Z GET /
2025-12-06T00:02:29.138Z GET /acerca
2025-12-06T00:02:35.706Z GET /acerca
2025-12-06T00:02:37.091Z GET /productos
2025-12-06T00:02:38.842Z GET /
2025-12-06T00:02:41.939Z GET /acerca
2025-12-06T00:02:44.763Z GET /
2025-12-06T00:03:35.175Z GET /logout
2025-12-06T00:03:35.179Z GET /
2025-12-06T00:05:50.847Z GET /acerca
2025-12-06T00:05:56.680Z GET /
2025-12-06T00:05:58.248Z GET /productos
2025-12-06T00:06:14.648Z GET /acerca
2025-12-06T00:06:15.304Z GET /productos
2025-12-06T00:06:16.568Z GET /
2025-12-06T00:10:32.611Z GET /login
2025-12-06T00:10:34.530Z GET /acerca
2025-12-06T00:10:35.506Z GET /productos
2025-12-06T00:10:36.098Z GET /
2025-12-06T00:10:36.745Z GET /productos
2025-12-06T00:10:37.251Z GET /acerca
2025-12-06T00:10:37.666Z GET /login
2025-12-06T00:10:41.425Z GET /login
2025-12-06T00:14:13.615Z GET /
2025-12-06T00:15:09.618Z GET /productos
2025-12-06T00:17:40.001Z GET /
2025-12-06T00:17:41.681Z GET /productos
2025-12-06T00:17:43.009Z GET /acerca
2025-12-06T00:17:44.514Z GET /login
2025-12-06T00:18:06.144Z GET /login
2025-12-06T00:18:08.433Z GET /
2025-12-06T00:18:29.841Z GET /
2025-12-06T00:18:31.546Z GET /productos/upload
2025-12-06T00:18:36.683Z GET /login
2025-12-06T00:18:38.642Z GET /acerca
2025-12-06T00:18:39.250Z GET /productos
2025-12-06T00:18:43.186Z GET /productos/upload
2025-12-06T00:18:44.506Z GET /
2025-12-06T00:20:59.594Z GET /productos
2025-12-06T00:21:00.330Z GET /acerca
2025-12-06T00:21:01.611Z GET /productos
2025-12-06T00:21:10.881Z POST /productos/upload
2025-12-06T00:21:15.305Z POST /productos/upload
2025-12-06T00:21:23.739Z GET /login
2025-12-06T00:24:14.949Z GET /productos
2025-12-06T00:24:17.828Z GET /productos
2025-12-06T00:24:18.565Z GET /productos
2025-12-06T00:24:20.093Z GET /productos/2
2025-12-06T00:24:59.509Z GET /productos/2
2025-12-06T00:25:01.235Z GET /productos/2
2025-12-06T00:25:01.963Z GET /productos/2
2025-12-06T00:25:08.458Z GET /productos/2
2025-12-06T00:25:13.006Z GET /productos
2025-12-06T00:25:40.300Z GET /productos/2
2025-12-06T00:27:45.537Z GET /metrics
2025-12-06T00:27:53.781Z GET /productos/upload
2025-12-06T00:27:55.468Z GET /login
2025-12-06T00:28:33.531Z GET /login
2025-12-06T00:28:37.660Z GET /metrics
